Logfile information:
-----------------------------------------------------------------------
Generated by        : XML Schema Generator v1.0
Database name       : rio2016_GLR
Date                : 22-11-2017
Time                : 13:05:43
Output filename     : Z:\Documents\CaseTalk\Models\EN\Rio2016 Olympics\rio2016_GLR.xsd

Plug-In Module information: (Identifier naming conventions)
-----------------------------------------------------------------------
- Allowed characters: 'A'..'Z', 'a'..'z', '0'..'9', '%', '_'
- Maximum length    : 250
- Identifiers must start with a letter.         (The letter 'X' will be applied as a prefix)
- Identifiers may not contain leading spaces.   (Leading spaces will be removed)
- Identifiers may not contain trailing spaces.  (Trailing spaces will be removed)

Plug-In Module information: (Constraint restrictions)
-----------------------------------------------------------------------
- A key may not cover optional columns.
- Multiple primary keys are not allowed.
* Keys that violate one of the rules above will be ignored by the Plug-In Module.

Plug-In Module information: (Miscellaneous)
-----------------------------------------------------------------------
- Unknown datatypes will not be converted.

Converted identifiers:
(-) Regular alteration
(*) Truncation applied
(!) Errors due to changes
-----------------------------------------------------------------------
Domain name '#kgs' converted to 'X_kgs'
Domain name '#meters' converted to 'X_meters'
Domain name '#points' converted to 'X_points'
Domain name '#years' converted to 'X_years'
Domain name 'Category' converted to 'Category'
Domain name 'City' converted to 'City'
Domain name 'CountryCode' converted to 'CountryCode'
Domain name 'Country_Name' converted to 'Country_Name'
Domain name 'Day' converted to 'Day'
Domain name 'First_name' converted to 'First_name'
Domain name 'Function' converted to 'Function'
Domain name 'How' converted to 'How'
Domain name 'm/f' converted to 'm_f'
Domain name 'Medal' converted to 'Medal'
Domain name 'Nickname' converted to 'Nickname'
Domain name 'Number' converted to 'Number'
Domain name 'Olympics' converted to 'Olympics'
Domain name 'Participant_ID' converted to 'Participant_ID'
Domain name 'Phase' converted to 'Phase'
Domain name 'SportName' converted to 'SportName'
Domain name 'Streetname' converted to 'Streetname'
Domain name 'Sur_name' converted to 'Sur_name'
Domain name 'Time' converted to 'Time'
Domain name 'Timezone' converted to 'Timezone'
Domain name 'Type' converted to 'Type'
Domain name 'VenueName' converted to 'VenueName'
Domain name 'WinLooseTie' converted to 'WinLooseTie'
Domain name 'GENID' converted to 'GENID'

Table name 'Athlete' converted to 'Athlete'
- Column name 'Participant' in table 'Athlete' remained 'Participant'
- Column name 'weight' in table 'Athlete' remained 'weight'
- Column name 'height' in table 'Athlete' remained 'height'
- Column name 'age' in table 'Athlete' remained 'age'
- Column name 'gender' in table 'Athlete' remained 'gender'
- Column name 'first name' in table 'Athlete' converted to 'first_name'
- Column name 'surname' in table 'Athlete' remained 'surname'

Table name 'Competition' converted to 'Competition'
* Column name 'Sport Category||Olympics' in table 'Competition' converted to 'Sport_Category_Olympics'
* Column name 'Sport Category||Sport' in table 'Competition' converted to 'Sport_Category_Sport'
- Column name 'Sport Category' in table 'Competition' converted to 'Sport_Category'
- Column name 'Phase' in table 'Competition' remained 'Phase'
* Column name 'Competition Moment||Day' in table 'Competition' converted to 'Competition_Moment_Day'
* Column name 'Competition Moment||Time' in table 'Competition' converted to 'Competition_Moment_Time'
* Column name 'Competition Moment||Timezone' in table 'Competition' converted to 'Competition_Moment_Timezone'
- Column name 'Competition Venue' in table 'Competition' converted to 'Competition_Venue'

Table name 'competition official' converted to 'competition_official'
* Column name 'Competition||Olympics' in table 'competition_official' converted to 'Competition_Olympics'
* Column name 'Competition||Sport' in table 'competition_official' converted to 'Competition_Sport'
* Column name 'Competition||Category' in table 'competition_official' converted to 'Competition_Category'
* Column name 'Competition||Phase' in table 'competition_official' converted to 'Competition_Phase'
* Column name 'Official||Function' in table 'competition_official' converted to 'Official_Function'
* Column name 'Official||Sur_name' in table 'competition_official' converted to 'Official_Sur_name'
* Column name 'Official||First_name' in table 'competition_official' converted to 'Official_First_name'

Table name 'Competitor' converted to 'Competitor'
* Column name 'Competition||Olympics' in table 'Competitor' converted to 'Competition_Olympics'
* Column name 'Competition||Sport' in table 'Competitor' converted to 'Competition_Sport'
* Column name 'Competition||Category' in table 'Competitor' converted to 'Competition_Category'
* Column name 'Competition||Phase' in table 'Competitor' converted to 'Competition_Phase'
- Column name 'Participant' in table 'Competitor' remained 'Participant'
- Column name 'Competitor Score' in table 'Competitor' converted to 'Competitor_Score'
* Column name 'Competition Result||WinLooseTie' in table 'Competitor' converted to 'Competition_Result_WinLooseTie'
* Column name 'Competition Result||How' in table 'Competitor' converted to 'Competition_Result_How'

Table name 'country name' converted to 'country_name'
- Column name 'Country' in table 'country_name' remained 'Country'
- Column name 'Country_Name' in table 'country_name' remained 'Country_Name'

Table name 'Medal Winner' converted to 'Medal_Winner'
* Column name 'Sport Category||Olympics' in table 'Medal_Winner' converted to 'Sport_Category_Olympics'
* Column name 'Sport Category||Sport' in table 'Medal_Winner' converted to 'Sport_Category_Sport'
- Column name 'Sport Category' in table 'Medal_Winner' converted to 'Sport_Category'
- Column name 'Participant' in table 'Medal_Winner' remained 'Participant'
- Column name 'athlete medal' in table 'Medal_Winner' converted to 'athlete_medal'

Table name 'Olympic Sport' converted to 'Olympic_Sport'
- Column name 'Olympics' in table 'Olympic_Sport' remained 'Olympics'
- Column name 'Sport' in table 'Olympic_Sport' remained 'Sport'

Table name 'Participant' converted to 'Participant'
- Column name 'Participant_ID' in table 'Participant' remained 'Participant_ID'
* Column name 'Country Participant||Country' in table 'Participant' converted to 'Country_Participant_Country'
- Column name 'Participant Sport' in table 'Participant' converted to 'Participant_Sport'
- Column name 'Participant Type' in table 'Participant' converted to 'Participant_Type'

Table name 'Sport Category' converted to 'Sport_Category'
* Column name 'Olympic Sport||Olympics' in table 'Sport_Category' converted to 'Olympic_Sport_Olympics'
- Column name 'Olympic Sport' in table 'Sport_Category' converted to 'Olympic_Sport'
- Column name 'Category' in table 'Sport_Category' remained 'Category'

Table name 'Street' converted to 'Street'
- Column name 'Streetname' in table 'Street' remained 'Streetname'
- Column name 'Number' in table 'Street' remained 'Number'

Table name 'Team' converted to 'Team'
- Column name 'Participant' in table 'Team' remained 'Participant'

Table name 'Team Member' converted to 'Team_Member'
* Column name 'Athlete||Participant' in table 'Team_Member' converted to 'Athlete_Participant'
* Column name 'Team||Participant' in table 'Team_Member' converted to 'Team_Participant'

Table name 'Team Nickname' converted to 'Team_Nickname'
* Column name 'Team||Participant' in table 'Team_Nickname' converted to 'Team_Participant'
- Column name 'Nickname' in table 'Team_Nickname' remained 'Nickname'

Table name 'Venue Location' converted to 'Venue_Location'
- Column name 'Venue' in table 'Venue_Location' remained 'Venue'
* Column name 'Location||Streetname' in table 'Venue_Location' converted to 'Location_Streetname'
* Column name 'Location||Number' in table 'Venue_Location' converted to 'Location_Number'
* Column name 'Location||City' in table 'Venue_Location' converted to 'Location_City'

