Logfile information:
-----------------------------------------------------------------------
Generated by        : SQL'92 DDL code generator v1.0
Database name       : RIO2016_GLR
Date                : 22-11-2017
Time                : 13:05:21
Output filename     : Z:\Documents\CaseTalk\Models\EN\Rio2016 Olympics\rio2016_GLR.sql

Plug-In Module information: (Identifier naming conventions)
-----------------------------------------------------------------------
- Allowed characters: 'A'..'Z', '0'..'9', '%', '_'
- Maximum length    : 64
- Identifiers must start with a letter.         (The letter 'X' will be applied as a prefix)
- Identifiers may only contain capitals.        (Identifiers will be uppercased)
- Identifiers may not contain leading spaces.   (Leading spaces will be removed)
- Identifiers may not contain trailing spaces.  (Trailing spaces will be removed)

Plug-In Module information: (Constraint restrictions)
-----------------------------------------------------------------------
- A key may not cover optional columns.
- Multiple primary keys are not allowed.
* Keys that violate one of the rules above will be ignored by the Plug-In Module.

Plug-In Module information: (Miscellaneous)
-----------------------------------------------------------------------
- Unknown datatypes will not be converted.

Converted identifiers:
(-) Regular alteration
(*) Truncation applied
(!) Errors due to changes
-----------------------------------------------------------------------
- Domain '#KGS' renamed to '"X_KGS"'
- Domain '#METERS' renamed to '"X_METERS"'
- Domain '#POINTS' renamed to '"X_POINTS"'
- Domain '#YEARS' renamed to '"X_YEARS"'
- Domain 'CATEGORY' renamed to '"CATEGORY"'
- Domain 'CITY' renamed to '"CITY"'
- Domain 'COUNTRYCODE' renamed to '"COUNTRYCODE"'
- Domain 'COUNTRY_NAME' renamed to '"COUNTRY_NAME"'
- Domain 'DAY' renamed to '"DAY"'
- Domain 'FIRST_NAME' renamed to '"FIRST_NAME"'
- Domain 'FUNCTION' renamed to '"FUNCTION"'
- Domain 'HOW' renamed to '"HOW"'
- Domain 'M/F' renamed to '"M_F"'
- Domain 'MEDAL' renamed to '"MEDAL"'
- Domain 'NICKNAME' renamed to '"NICKNAME"'
- Domain 'NUMBER' renamed to '"NUMBER"'
- Domain 'OLYMPICS' renamed to '"OLYMPICS"'
- Domain 'PARTICIPANT_ID' renamed to '"PARTICIPANT_ID"'
- Domain 'PHASE' renamed to '"PHASE"'
- Domain 'SPORTNAME' renamed to '"SPORTNAME"'
- Domain 'STREETNAME' renamed to '"STREETNAME"'
- Domain 'SUR_NAME' renamed to '"SUR_NAME"'
- Domain 'TIME' renamed to '"TIME"'
- Domain 'TIMEZONE' renamed to '"TIMEZONE"'
- Domain 'TYPE' renamed to '"TYPE"'
- Domain 'VENUENAME' renamed to '"VENUENAME"'
- Domain 'WINLOOSETIE' renamed to '"WINLOOSETIE"'
- Domain 'GENID' renamed to '"GENID"'

- Table name 'ATHLETE' renamed to '"ATHLETE"'
- Column name 'PARTICIPANT' in table '"ATHLETE"' converted to '"PARTICIPANT"'
- Column name 'WEIGHT' in table '"ATHLETE"' converted to '"WEIGHT"'
- Column name 'HEIGHT' in table '"ATHLETE"' converted to '"HEIGHT"'
- Column name 'AGE' in table '"ATHLETE"' converted to '"AGE"'
- Column name 'GENDER' in table '"ATHLETE"' converted to '"GENDER"'
- Column name 'FIRST_NAME' in table '"ATHLETE"' converted to '"FIRST_NAME"'
- Column name 'SURNAME' in table '"ATHLETE"' converted to '"SURNAME"'

- Table name 'COMPETITION' renamed to '"COMPETITION"'
- Column name 'SPORT_CATEGORY||OLYMPICS' in table '"COMPETITION"' converted to '"SPORT_CATEGORY_OLYMPICS"'
- Column name 'SPORT_CATEGORY||SPORT' in table '"COMPETITION"' converted to '"SPORT_CATEGORY_SPORT"'
- Column name 'SPORT_CATEGORY' in table '"COMPETITION"' converted to '"SPORT_CATEGORY"'
- Column name 'PHASE' in table '"COMPETITION"' converted to '"PHASE"'
- Column name 'COMPETITION_MOMENT||DAY' in table '"COMPETITION"' converted to '"COMPETITION_MOMENT_DAY"'
- Column name 'COMPETITION_MOMENT||TIME' in table '"COMPETITION"' converted to '"COMPETITION_MOMENT_TIME"'
- Column name 'COMPETITION_MOMENT||TIMEZONE' in table '"COMPETITION"' converted to '"COMPETITION_MOMENT_TIMEZONE"'
- Column name 'COMPETITION_VENUE' in table '"COMPETITION"' converted to '"COMPETITION_VENUE"'

- Table name 'COMPETITION_OFFICIAL' renamed to '"COMPETITION_OFFICIAL"'
- Column name 'COMPETITION||OLYMPICS' in table '"COMPETITION_OFFICIAL"' converted to '"COMPETITION_OLYMPICS"'
- Column name 'COMPETITION||SPORT' in table '"COMPETITION_OFFICIAL"' converted to '"COMPETITION_SPORT"'
- Column name 'COMPETITION||CATEGORY' in table '"COMPETITION_OFFICIAL"' converted to '"COMPETITION_CATEGORY"'
- Column name 'COMPETITION||PHASE' in table '"COMPETITION_OFFICIAL"' converted to '"COMPETITION_PHASE"'
- Column name 'OFFICIAL||FUNCTION' in table '"COMPETITION_OFFICIAL"' converted to '"OFFICIAL_FUNCTION"'
- Column name 'OFFICIAL||SUR_NAME' in table '"COMPETITION_OFFICIAL"' converted to '"OFFICIAL_SUR_NAME"'
- Column name 'OFFICIAL||FIRST_NAME' in table '"COMPETITION_OFFICIAL"' converted to '"OFFICIAL_FIRST_NAME"'

- Table name 'COMPETITOR' renamed to '"COMPETITOR"'
- Column name 'COMPETITION||OLYMPICS' in table '"COMPETITOR"' converted to '"COMPETITION_OLYMPICS"'
- Column name 'COMPETITION||SPORT' in table '"COMPETITOR"' converted to '"COMPETITION_SPORT"'
- Column name 'COMPETITION||CATEGORY' in table '"COMPETITOR"' converted to '"COMPETITION_CATEGORY"'
- Column name 'COMPETITION||PHASE' in table '"COMPETITOR"' converted to '"COMPETITION_PHASE"'
- Column name 'PARTICIPANT' in table '"COMPETITOR"' converted to '"PARTICIPANT"'
- Column name 'COMPETITOR_SCORE' in table '"COMPETITOR"' converted to '"COMPETITOR_SCORE"'
- Column name 'COMPETITION_RESULT||WINLOOSETIE' in table '"COMPETITOR"' converted to '"COMPETITION_RESULT_WINLOOSETIE"'
- Column name 'COMPETITION_RESULT||HOW' in table '"COMPETITOR"' converted to '"COMPETITION_RESULT_HOW"'

- Table name 'COUNTRY_NAME' renamed to '"COUNTRY_NAME"'
- Column name 'COUNTRY' in table '"COUNTRY_NAME"' converted to '"COUNTRY"'
- Column name 'COUNTRY_NAME' in table '"COUNTRY_NAME"' converted to '"COUNTRY_NAME"'

- Table name 'MEDAL_WINNER' renamed to '"MEDAL_WINNER"'
- Column name 'SPORT_CATEGORY||OLYMPICS' in table '"MEDAL_WINNER"' converted to '"SPORT_CATEGORY_OLYMPICS"'
- Column name 'SPORT_CATEGORY||SPORT' in table '"MEDAL_WINNER"' converted to '"SPORT_CATEGORY_SPORT"'
- Column name 'SPORT_CATEGORY' in table '"MEDAL_WINNER"' converted to '"SPORT_CATEGORY"'
- Column name 'PARTICIPANT' in table '"MEDAL_WINNER"' converted to '"PARTICIPANT"'
- Column name 'ATHLETE_MEDAL' in table '"MEDAL_WINNER"' converted to '"ATHLETE_MEDAL"'

- Table name 'OLYMPIC_SPORT' renamed to '"OLYMPIC_SPORT"'
- Column name 'OLYMPICS' in table '"OLYMPIC_SPORT"' converted to '"OLYMPICS"'
- Column name 'SPORT' in table '"OLYMPIC_SPORT"' converted to '"SPORT"'

- Table name 'PARTICIPANT' renamed to '"PARTICIPANT"'
- Column name 'PARTICIPANT_ID' in table '"PARTICIPANT"' converted to '"PARTICIPANT_ID"'
- Column name 'COUNTRY_PARTICIPANT||COUNTRY' in table '"PARTICIPANT"' converted to '"COUNTRY_PARTICIPANT_COUNTRY"'
- Column name 'PARTICIPANT_SPORT' in table '"PARTICIPANT"' converted to '"PARTICIPANT_SPORT"'
- Column name 'PARTICIPANT_TYPE' in table '"PARTICIPANT"' converted to '"PARTICIPANT_TYPE"'

- Table name 'SPORT_CATEGORY' renamed to '"SPORT_CATEGORY"'
- Column name 'OLYMPIC_SPORT||OLYMPICS' in table '"SPORT_CATEGORY"' converted to '"OLYMPIC_SPORT_OLYMPICS"'
- Column name 'OLYMPIC_SPORT' in table '"SPORT_CATEGORY"' converted to '"OLYMPIC_SPORT"'
- Column name 'CATEGORY' in table '"SPORT_CATEGORY"' converted to '"CATEGORY"'

- Table name 'STREET' renamed to '"STREET"'
- Column name 'STREETNAME' in table '"STREET"' converted to '"STREETNAME"'
- Column name 'NUMBER' in table '"STREET"' converted to '"NUMBER"'

- Table name 'TEAM' renamed to '"TEAM"'
- Column name 'PARTICIPANT' in table '"TEAM"' converted to '"PARTICIPANT"'

- Table name 'TEAM_MEMBER' renamed to '"TEAM_MEMBER"'
- Column name 'ATHLETE||PARTICIPANT' in table '"TEAM_MEMBER"' converted to '"ATHLETE_PARTICIPANT"'
- Column name 'TEAM||PARTICIPANT' in table '"TEAM_MEMBER"' converted to '"TEAM_PARTICIPANT"'

- Table name 'TEAM_NICKNAME' renamed to '"TEAM_NICKNAME"'
- Column name 'TEAM||PARTICIPANT' in table '"TEAM_NICKNAME"' converted to '"TEAM_PARTICIPANT"'
- Column name 'NICKNAME' in table '"TEAM_NICKNAME"' converted to '"NICKNAME"'

- Table name 'VENUE_LOCATION' renamed to '"VENUE_LOCATION"'
- Column name 'VENUE' in table '"VENUE_LOCATION"' converted to '"VENUE"'
- Column name 'LOCATION||STREETNAME' in table '"VENUE_LOCATION"' converted to '"LOCATION_STREETNAME"'
- Column name 'LOCATION||NUMBER' in table '"VENUE_LOCATION"' converted to '"LOCATION_NUMBER"'
- Column name 'LOCATION||CITY' in table '"VENUE_LOCATION"' converted to '"LOCATION_CITY"'

