Logfile information:
-----------------------------------------------------------------------
Generated by        : SQL'92 DDL code generator v1.0
Database name       : CarFuel_GLR
Date                : 17-4-2018
Time                : 10:31:16
Output filename     : \\Mac\Home\Documents\CaseTalk\Models\EN\CarFuel\CarFuel_GLR.sql

Plug-In Module information: (Identifier naming conventions)
-----------------------------------------------------------------------
- Allowed characters: 'A'..'Z', '0'..'9', '%', '_'
- Maximum length    : 64
- Identifiers must start with a letter.         (The letter 'X' will be applied as a prefix)
- Identifiers may only contain capitals.        (Identifiers will be uppercased)
- Identifiers may not contain leading spaces.   (Leading spaces will be removed)
- Identifiers may not contain trailing spaces.  (Trailing spaces will be removed)

Plug-In Module information: (Constraint restrictions)
-----------------------------------------------------------------------
- A key may not cover optional columns.
- Multiple primary keys are not allowed.
* Keys that violate one of the rules above will be ignored by the Plug-In Module.

Plug-In Module information: (Miscellaneous)
-----------------------------------------------------------------------
- Unknown datatypes will not be converted.

Converted identifiers:
(-) Regular alteration
(*) Truncation applied
(!) Errors due to changes
-----------------------------------------------------------------------
- Domain '#KG' renamed to '"X_KG"'
- Domain '#KM' renamed to '"X_KM"'
- Domain 'Fuel Name' renamed to '"FUEL_NAME"'
- Domain 'License number' renamed to '"LICENSE_NUMBER"'
- Domain 'GENID' renamed to '"GENID"'

- Table name 'Car' renamed to '"CAR"'
- Column name 'License number' in table '"CAR"' converted to '"LICENSE_NUMBER"'
- Column name 'Distance' in table '"CAR"' converted to '"DISTANCE"'
- Column name 'Weight' in table '"CAR"' converted to '"WEIGHT"'
- Column name 'Fuel' in table '"CAR"' converted to '"FUEL"'

