Logfile information:
-----------------------------------------------------------------------
Generated by        : XML Schema Generator v1.0
Database name       : WorkingHours_GLR
Date                : 22-11-2017
Time                : 12:54:57
Output filename     : \\Mac\Home\Documents\CaseTalk\Modellen\WorkingHours\WorkingHours_GLR_XMLSchema.XSD

Plug-In Module information: (Identifier naming conventions)
-----------------------------------------------------------------------
- Allowed characters: 'A'..'Z', 'a'..'z', '0'..'9', '%', '_'
- Maximum length    : 250
- Identifiers must start with a letter.         (The letter 'X' will be applied as a prefix)
- Identifiers may not contain leading spaces.   (Leading spaces will be removed)
- Identifiers may not contain trailing spaces.  (Trailing spaces will be removed)

Plug-In Module information: (Constraint restrictions)
-----------------------------------------------------------------------
- A key may not cover optional columns.
- Multiple primary keys are not allowed.
* Keys that violate one of the rules above will be ignored by the Plug-In Module.

Plug-In Module information: (Miscellaneous)
-----------------------------------------------------------------------
- Unknown datatypes will not be converted.

Converted identifiers:
(-) Regular alteration
(*) Truncation applied
(!) Errors due to changes
-----------------------------------------------------------------------
Domain name 'amount of euros' converted to 'amount_of_euros'
Domain name 'amount of hours' converted to 'amount_of_hours'
Domain name 'City' converted to 'City'
Domain name 'customer name' converted to 'customer_name'
Domain name 'customernumber' converted to 'customernumber'
Domain name 'description' converted to 'description'
Domain name 'division name' converted to 'division_name'
Domain name 'division nr' converted to 'division_nr'
Domain name 'employee no' converted to 'employee_no'
Domain name 'person name' converted to 'person_name'
Domain name 'project no' converted to 'project_no'
Domain name 'task name' converted to 'task_name'
Domain name 'title code' converted to 'title_code'
Domain name 'wbs number' converted to 'wbs_number'
Domain name 'week no' converted to 'week_no'
Domain name 'year no' converted to 'year_no'
Domain name 'GENID' converted to 'GENID'

Table name 'Customer Location' converted to 'Customer_Location'
- Column name 'Customer' in table 'Customer_Location' remained 'Customer'
- Column name 'City' in table 'Customer_Location' remained 'City'

Table name 'Employee' converted to 'Employee'
- Column name 'employee no' in table 'Employee' converted to 'employee_no'
- Column name 'Employee Name' in table 'Employee' converted to 'Employee_Name'
- Column name 'Title' in table 'Employee' remained 'Title'
- Column name 'Division' in table 'Employee' remained 'Division'

Table name 'Hour Rate' converted to 'Hour_Rate'
- Column name 'Year' in table 'Hour_Rate' remained 'Year'
- Column name 'week no' in table 'Hour_Rate' converted to 'week_no'
- Column name 'Employee' in table 'Hour_Rate' remained 'Employee'
- Column name 'Project' in table 'Hour_Rate' remained 'Project'
- Column name 'Amount' in table 'Hour_Rate' remained 'Amount'

Table name 'Name of Customer' converted to 'Name_of_Customer'
- Column name 'Customer' in table 'Name_of_Customer' remained 'Customer'
- Column name 'customer name' in table 'Name_of_Customer' converted to 'customer_name'

Table name 'Name of Division' converted to 'Name_of_Division'
- Column name 'Division' in table 'Name_of_Division' remained 'Division'
- Column name 'division name' in table 'Name_of_Division' converted to 'division_name'

Table name 'Project' converted to 'Project'
- Column name 'project no' in table 'Project' converted to 'project_no'
- Column name 'Division' in table 'Project' remained 'Division'
- Column name 'Customer' in table 'Project' remained 'Customer'
- Column name 'Project Description' in table 'Project' converted to 'Project_Description'

Table name 'Project Manager' converted to 'Project_Manager'
- Column name 'Project' in table 'Project_Manager' remained 'Project'
- Column name 'Employee' in table 'Project_Manager' remained 'Employee'

Table name 'Work Task Name' converted to 'Work_Task_Name'
- Column name 'Work Task' in table 'Work_Task_Name' converted to 'Work_Task'
- Column name 'task name' in table 'Work_Task_Name' converted to 'task_name'

Table name 'Working Hours' converted to 'Working_Hours'
- Column name 'Year' in table 'Working_Hours' remained 'Year'
- Column name 'week no' in table 'Working_Hours' converted to 'week_no'
- Column name 'Employee' in table 'Working_Hours' remained 'Employee'
- Column name 'Project' in table 'Working_Hours' remained 'Project'
- Column name 'Work Task' in table 'Working_Hours' converted to 'Work_Task'
- Column name 'amount of hours' in table 'Working_Hours' converted to 'amount_of_hours'

