Logfile information:
-----------------------------------------------------------------------
Generated by        : SQL'92 DDL code generator v1.0
Database name       : WorkingHours_GLR
Date                : 22-11-2017
Time                : 12:54:41
Output filename     : \\Mac\Home\Documents\CaseTalk\Modellen\WorkingHours\WorkingHours_GLR.sql

Plug-In Module information: (Identifier naming conventions)
-----------------------------------------------------------------------
- Allowed characters: 'A'..'Z', '0'..'9', '%', '_'
- Maximum length    : 64
- Identifiers must start with a letter.         (The letter 'X' will be applied as a prefix)
- Identifiers may only contain capitals.        (Identifiers will be uppercased)
- Identifiers may not contain leading spaces.   (Leading spaces will be removed)
- Identifiers may not contain trailing spaces.  (Trailing spaces will be removed)

Plug-In Module information: (Constraint restrictions)
-----------------------------------------------------------------------
- A key may not cover optional columns.
- Multiple primary keys are not allowed.
* Keys that violate one of the rules above will be ignored by the Plug-In Module.

Plug-In Module information: (Miscellaneous)
-----------------------------------------------------------------------
- Unknown datatypes will not be converted.

Converted identifiers:
(-) Regular alteration
(*) Truncation applied
(!) Errors due to changes
-----------------------------------------------------------------------
- Domain 'amount of euros' renamed to '"AMOUNT_OF_EUROS"'
- Domain 'amount of hours' renamed to '"AMOUNT_OF_HOURS"'
- Domain 'City' renamed to '"CITY"'
- Domain 'customer name' renamed to '"CUSTOMER_NAME"'
- Domain 'customernumber' renamed to '"CUSTOMERNUMBER"'
- Domain 'description' renamed to '"DESCRIPTION"'
- Domain 'division name' renamed to '"DIVISION_NAME"'
- Domain 'division nr' renamed to '"DIVISION_NR"'
- Domain 'employee no' renamed to '"EMPLOYEE_NO"'
- Domain 'person name' renamed to '"PERSON_NAME"'
- Domain 'project no' renamed to '"PROJECT_NO"'
- Domain 'task name' renamed to '"TASK_NAME"'
- Domain 'title code' renamed to '"TITLE_CODE"'
- Domain 'wbs number' renamed to '"WBS_NUMBER"'
- Domain 'week no' renamed to '"WEEK_NO"'
- Domain 'year no' renamed to '"YEAR_NO"'
- Domain 'GENID' renamed to '"GENID"'

- Table name 'Customer Location' renamed to '"CUSTOMER_LOCATION"'
- Column name 'Customer' in table '"CUSTOMER_LOCATION"' converted to '"CUSTOMER"'
- Column name 'City' in table '"CUSTOMER_LOCATION"' converted to '"CITY"'

- Table name 'Employee' renamed to '"EMPLOYEE"'
- Column name 'employee no' in table '"EMPLOYEE"' converted to '"EMPLOYEE_NO"'
- Column name 'Employee Name' in table '"EMPLOYEE"' converted to '"EMPLOYEE_NAME"'
- Column name 'Title' in table '"EMPLOYEE"' converted to '"TITLE"'
- Column name 'Division' in table '"EMPLOYEE"' converted to '"DIVISION"'

- Table name 'Hour Rate' renamed to '"HOUR_RATE"'
- Column name 'Year' in table '"HOUR_RATE"' converted to '"YEAR"'
- Column name 'week no' in table '"HOUR_RATE"' converted to '"WEEK_NO"'
- Column name 'Employee' in table '"HOUR_RATE"' converted to '"EMPLOYEE"'
- Column name 'Project' in table '"HOUR_RATE"' converted to '"PROJECT"'
- Column name 'Amount' in table '"HOUR_RATE"' converted to '"AMOUNT"'

- Table name 'Name of Customer' renamed to '"NAME_OF_CUSTOMER"'
- Column name 'Customer' in table '"NAME_OF_CUSTOMER"' converted to '"CUSTOMER"'
- Column name 'customer name' in table '"NAME_OF_CUSTOMER"' converted to '"CUSTOMER_NAME"'

- Table name 'Name of Division' renamed to '"NAME_OF_DIVISION"'
- Column name 'Division' in table '"NAME_OF_DIVISION"' converted to '"DIVISION"'
- Column name 'division name' in table '"NAME_OF_DIVISION"' converted to '"DIVISION_NAME"'

- Table name 'Project' renamed to '"PROJECT"'
- Column name 'project no' in table '"PROJECT"' converted to '"PROJECT_NO"'
- Column name 'Division' in table '"PROJECT"' converted to '"DIVISION"'
- Column name 'Customer' in table '"PROJECT"' converted to '"CUSTOMER"'
- Column name 'Project Description' in table '"PROJECT"' converted to '"PROJECT_DESCRIPTION"'

- Table name 'Project Manager' renamed to '"PROJECT_MANAGER"'
- Column name 'Project' in table '"PROJECT_MANAGER"' converted to '"PROJECT"'
- Column name 'Employee' in table '"PROJECT_MANAGER"' converted to '"EMPLOYEE"'

- Table name 'Work Task Name' renamed to '"WORK_TASK_NAME"'
- Column name 'Work Task' in table '"WORK_TASK_NAME"' converted to '"WORK_TASK"'
- Column name 'task name' in table '"WORK_TASK_NAME"' converted to '"TASK_NAME"'

- Table name 'Working Hours' renamed to '"WORKING_HOURS"'
- Column name 'Year' in table '"WORKING_HOURS"' converted to '"YEAR"'
- Column name 'week no' in table '"WORKING_HOURS"' converted to '"WEEK_NO"'
- Column name 'Employee' in table '"WORKING_HOURS"' converted to '"EMPLOYEE"'
- Column name 'Project' in table '"WORKING_HOURS"' converted to '"PROJECT"'
- Column name 'Work Task' in table '"WORKING_HOURS"' converted to '"WORK_TASK"'
- Column name 'amount of hours' in table '"WORKING_HOURS"' converted to '"AMOUNT_OF_HOURS"'

